0 info it worked if it ends with ok
1 verbose cli [ 'C:\\Program Files\\nodejs\\\\node.exe',
1 verbose cli   'C:\\Program Files\\nodejs\\node_modules\\npm\\bin\\npm-cli.js',
1 verbose cli   'install' ]
2 info using npm@1.4.28
3 info using node@v0.10.35
4 verbose node symlink C:\Program Files\nodejs\\node.exe
5 verbose readDependencies using package.json deps
6 verbose install where, deps [ 'C:\\Users\\Fedor\\kakomey',
6 verbose install   [ 'express',
6 verbose install     'jade',
6 verbose install     'async',
6 verbose install     'mongoose',
6 verbose install     'stylus',
6 verbose install     'less',
6 verbose install     'less-middleware',
6 verbose install     'imagemagick',
6 verbose install     'passport',
6 verbose install     'passport-local',
6 verbose install     'express-session',
6 verbose install     'connect-mongodb' ] ]
7 info preinstall application-name@0.0.1
8 verbose readDependencies using package.json deps
9 verbose already installed skipping express@3.3.7 C:\Users\Fedor\kakomey
10 verbose already installed skipping jade@* C:\Users\Fedor\kakomey
11 verbose already installed skipping async@* C:\Users\Fedor\kakomey
12 verbose already installed skipping mongoose@* C:\Users\Fedor\kakomey
13 verbose already installed skipping stylus@* C:\Users\Fedor\kakomey
14 verbose already installed skipping less@^1.7.5 C:\Users\Fedor\kakomey
15 verbose already installed skipping less-middleware@^1.0.4 C:\Users\Fedor\kakomey
16 verbose already installed skipping imagemagick@^0.1.3 C:\Users\Fedor\kakomey
17 verbose already installed skipping passport@^0.2.1 C:\Users\Fedor\kakomey
18 verbose already installed skipping passport-local@^1.0.0 C:\Users\Fedor\kakomey
19 verbose already installed skipping express-session@^1.9.3 C:\Users\Fedor\kakomey
20 verbose already installed skipping connect-mongodb@^1.1.5 C:\Users\Fedor\kakomey
21 silly resolved []
22 info build C:\Users\Fedor\kakomey
23 verbose linkStuff [ false, false, false, 'C:\\Users\\Fedor' ]
24 info linkStuff application-name@0.0.1
25 verbose linkBins application-name@0.0.1
26 verbose linkMans application-name@0.0.1
27 verbose rebuildBundles application-name@0.0.1
28 verbose rebuildBundles [ '.bin',
28 verbose rebuildBundles   'async',
28 verbose rebuildBundles   'connect-flash',
28 verbose rebuildBundles   'connect-mongodb',
28 verbose rebuildBundles   'cookie-parser',
28 verbose rebuildBundles   'express',
28 verbose rebuildBundles   'express-session',
28 verbose rebuildBundles   'imagemagick',
28 verbose rebuildBundles   'jade',
28 verbose rebuildBundles   'less',
28 verbose rebuildBundles   'less-middleware',
28 verbose rebuildBundles   'mongoose',
28 verbose rebuildBundles   'node-gd',
28 verbose rebuildBundles   'nodeman',
28 verbose rebuildBundles   'nodemon',
28 verbose rebuildBundles   'nodetime',
28 verbose rebuildBundles   'passport',
28 verbose rebuildBundles   'passport-local',
28 verbose rebuildBundles   'stylus' ]
29 verbose rebuild bundle C:\Users\Fedor\kakomey\node_modules\connect-flash
30 info build C:\Users\Fedor\kakomey\node_modules\connect-flash
31 info preinstall connect-flash@0.1.1
32 verbose linkStuff [ false, false, false, 'C:\\Users\\Fedor\\kakomey\\node_modules' ]
33 info linkStuff connect-flash@0.1.1
34 verbose linkBins connect-flash@0.1.1
35 verbose linkMans connect-flash@0.1.1
36 verbose rebuildBundles connect-flash@0.1.1
37 info install connect-flash@0.1.1
38 info postinstall connect-flash@0.1.1
39 verbose rebuild bundle C:\Users\Fedor\kakomey\node_modules\cookie-parser
40 info build C:\Users\Fedor\kakomey\node_modules\cookie-parser
41 info preinstall cookie-parser@1.3.3
42 verbose linkStuff [ false, false, false, 'C:\\Users\\Fedor\\kakomey\\node_modules' ]
43 info linkStuff cookie-parser@1.3.3
44 verbose linkBins cookie-parser@1.3.3
45 verbose linkMans cookie-parser@1.3.3
46 verbose rebuildBundles cookie-parser@1.3.3
47 verbose rebuildBundles [ 'cookie', 'cookie-signature' ]
48 info install cookie-parser@1.3.3
49 info postinstall cookie-parser@1.3.3
50 verbose rebuild bundle C:\Users\Fedor\kakomey\node_modules\node-gd
51 info build C:\Users\Fedor\kakomey\node_modules\node-gd
52 info preinstall node-gd@1.0.0
53 verbose linkStuff [ false, false, false, 'C:\\Users\\Fedor\\kakomey\\node_modules' ]
54 info linkStuff node-gd@1.0.0
55 verbose linkBins node-gd@1.0.0
56 verbose linkMans node-gd@1.0.0
57 verbose rebuildBundles node-gd@1.0.0
58 verbose rebuildBundles [ 'nan', 'node-gyp' ]
59 info install node-gd@1.0.0
60 verbose unsafe-perm in lifecycle true
61 info node-gd@1.0.0 Failed to exec install script
62 error node-gd@1.0.0 install: `node-gyp rebuild`
62 error Exit status 1
63 error Failed at the node-gd@1.0.0 install script.
63 error This is most likely a problem with the node-gd package,
63 error not with npm itself.
63 error Tell the author that this fails on your system:
63 error     node-gyp rebuild
63 error You can get their info via:
63 error     npm owner ls node-gd
63 error There is likely additional logging output above.
64 error System Windows_NT 6.2.9200
65 error command "C:\\Program Files\\nodejs\\\\node.exe" "C:\\Program Files\\nodejs\\node_modules\\npm\\bin\\npm-cli.js" "install"
66 error cwd C:\Users\Fedor\kakomey
67 error node -v v0.10.35
68 error npm -v 1.4.28
69 error code ELIFECYCLE
70 verbose exit [ 1, true ]
